<?xml version="1.0" encoding="UTF-8" ?>
<testsuite errors="0" failures="0" hostname="Copernicus" name="CommandActionTests" tests="1" time="0.017" timestamp="2010-01-19T03:38:50">
  <properties />
  <testcase classname="CommandActionTests" name="testSomething" time="0.0010" />
  <system-out><![CDATA[--Output from testSomething--
]]></system-out>
  <system-err><![CDATA[--Output from testSomething--
]]></system-err>
</testsuite>
