<?xml version="1.0" encoding="UTF-8" ?>
<testsuite errors="0" failures="0" hostname="Copernicus" name="EnvironmentTests" tests="1" time="0.555" timestamp="2010-01-19T03:38:49">
  <properties />
  <testcase classname="EnvironmentTests" name="testSomething" time="0.0060" />
  <system-out><![CDATA[--Output from testSomething--
]]></system-out>
  <system-err><![CDATA[--Output from testSomething--
]]></system-err>
</testsuite>
