<?xml version="1.0" encoding="UTF-8" ?>
<testsuite errors="0" failures="0" hostname="Copernicus" name="com.pac.xaqtrix.comparator.TaskComparatorTests" tests="1" time="0.102" timestamp="2010-01-08T03:39:40">
  <properties />
  <testcase classname="com.pac.xaqtrix.comparator.TaskComparatorTests" name="testCompare" time="0.064" />
  <system-out><![CDATA[--Output from testCompare--
]]></system-out>
  <system-err><![CDATA[--Output from testCompare--
]]></system-err>
</testsuite>
